<?xml version="1.0" encoding="UTF-8"?>
<testsuite name="br.com.qa.suites.SuiteGeral" time="6.269" tests="1" errors="0" skipped="0" failures="1">
  <properties>
[...]
</properties>
  <testcase name="RealizaPesquisa" classname="br.com.qa.testes.PesquisarTeste" time="6.269">
    <failure message="expected:&lt;Com[ uma infraestrutura simples, entregue AplicaÃ§Ãµes para Mercado mais RÃ¡pido e Barato. Descobra como a IA acelera a IdentificaÃ§Ã£o da Raiz de Problemas com IBM. Descubra mais. Impacto Cloud. Descobrir Insights. Metodologias avanÃ§adas. IndÃºstria Focada Solution.â€Ž]&gt; but was:&lt;Com[binatória Teste Designing no centro da solução w / IBM®. Saber mais. Aumente a velocidade de testes de apps c/ menos defeitos. Fale c/ um especialista IBM®. Implementação estratégica. Descobrir Insights. Metodologias avançadas. Gestão de Clientes.]&gt;" type="org.junit.ComparisonFailure"><![CDATA[org.junit.ComparisonFailure: expected:<Com[ uma infraestrutura simples, entregue AplicaÃ§Ãµes para Mercado mais RÃ¡pido e Barato. Descobra como a IA acelera a IdentificaÃ§Ã£o da Raiz de Problemas com IBM. Descubra mais. Impacto Cloud. Descobrir Insights. Metodologias avanÃ§adas. IndÃºstria Focada Solution.â€Ž]> but was:<Com[binatória Teste Designing no centro da solução w / IBM®. Saber mais. Aumente a velocidade de testes de apps c/ menos defeitos. Fale c/ um especialista IBM®. Implementação estratégica. Descobrir Insights. Metodologias avançadas. Gestão de Clientes.]>
	at org.junit.Assert.assertEquals(Assert.java:115)
	at org.junit.Assert.assertEquals(Assert.java:144)
	at br.com.qa.testes.PesquisarTeste.RealizaPesquisa(PesquisarTeste.java:21)
]]></failure>
    <system-err><![CDATA[Starting ChromeDriver 83.0.4103.39 (ccbf011cb2d2b19b506d844400483861342c20cd-refs/branch-heads/4103@{#416}) on port 41097
Only local connections are allowed.
Please see https://chromedriver.chromium.org/security-considerations for suggestions on keeping ChromeDriver safe.
ChromeDriver was started successfully.
jul 05, 2020 12:29:48 AM org.openqa.selenium.remote.ProtocolHandshake createSession
INFORMAÇÕES: Detected dialect: W3C
]]></system-err>
  </testcase>
</testsuite>